<?xml version="1.0" encoding="UTF-8"?>
<robot generator="Robot 7.1.1 (Python 3.12.7 on win32)" generated="2024-12-02T22:27:24.568308" rpa="false" schemaversion="5">
<suite id="s1" name="testDemo1" source="D:\source\PythonProject\RobotFramework\tests\testDemo1.robot">
<test id="s1-t1" name="Validate UnSuccessful Login" line="17">
<kw name="Open Page" owner="OpenBrowser">
<msg time="2024-12-02T22:27:24.755726" level="INFO">Creating an instance of the Chrome WebDriver.</msg>
<msg time="2024-12-02T22:27:24.794435" level="FAIL">WebDriverException: Message: 'chromedriver' executable needs to be in PATH. Please see https://chromedriver.chromium.org/home
</msg>
<arg>https://rahulshettyacademy.com/loginpagePractise/</arg>
<arg>${browser_name}</arg>
<arg>${env}</arg>
<status status="FAIL" start="2024-12-02T22:27:24.755726" elapsed="0.042300">WebDriverException: Message: 'chromedriver' executable needs to be in PATH. Please see https://chromedriver.chromium.org/home
</status>
</kw>
<kw name="Fill the login form">
<status status="NOT RUN" start="2024-12-02T22:27:24.798026" elapsed="0.000000"/>
</kw>
<kw name="Close The Browser" owner="OpenBrowser" type="TEARDOWN">
<status status="PASS" start="2024-12-02T22:27:24.798026" elapsed="0.001187"/>
</kw>
<status status="FAIL" start="2024-12-02T22:27:24.753894" elapsed="0.045319">WebDriverException: Message: 'chromedriver' executable needs to be in PATH. Please see https://chromedriver.chromium.org/home
</status>
</test>
<doc>To Validate the Login form</doc>
<status status="FAIL" start="2024-12-02T22:27:24.570106" elapsed="0.230009"/>
</suite>
<statistics>
<total>
<stat pass="0" fail="1" skip="0">All Tests</stat>
</total>
<tag>
</tag>
<suite>
<stat pass="0" fail="1" skip="0" id="s1" name="testDemo1">testDemo1</stat>
</suite>
</statistics>
<errors>
</errors>
</robot>
